Copyright 1986-2017 Xilinx, Inc. All Rights Reserved.
------------------------------------------------------------------------------------
| Tool Version : Vivado v.2017.4 (lin64) Build 2086221 Fri Dec 15 20:54:30 MST 2017
| Date         : Sun Jun 24 16:06:01 2018
| Host         : hornet running 64-bit Ubuntu 16.04.4 LTS
| Command      : upgrade_ip
| Device       : xc7z010clg400-1
------------------------------------------------------------------------------------

Upgrade Log for IP 'system_FP_Mean_Cov_0_0'

1. Summary
----------

SUCCESS in the upgrade of system_FP_Mean_Cov_0_0 (user.org:user:FP_Mean_Cov:1.0) from (Rev. 4) to (Rev. 5)






Copyright 1986-2017 Xilinx, Inc. All Rights Reserved.
------------------------------------------------------------------------------------
| Tool Version : Vivado v.2017.4 (lin64) Build 2086221 Fri Dec 15 20:54:30 MST 2017
| Date         : Sun Jun 24 13:56:32 2018
| Host         : hornet running 64-bit Ubuntu 16.04.4 LTS
| Command      : upgrade_ip
| Device       : xc7z010clg400-1
------------------------------------------------------------------------------------

Upgrade Log for IP 'system_FP_Mean_Cov_0_0'

1. Summary
----------

SUCCESS in the upgrade of system_FP_Mean_Cov_0_0 (user.org:user:FP_Mean_Cov:1.0) from (Rev. 3) to (Rev. 4)






Copyright 1986-2017 Xilinx, Inc. All Rights Reserved.
------------------------------------------------------------------------------------
| Tool Version : Vivado v.2017.4 (lin64) Build 2086221 Fri Dec 15 20:54:30 MST 2017
| Date         : Sun Jun 24 13:15:55 2018
| Host         : hornet running 64-bit Ubuntu 16.04.4 LTS
| Command      : upgrade_ip
| Device       : xc7z010clg400-1
------------------------------------------------------------------------------------

Upgrade Log for IP 'system_FP_Mean_Cov_0_0'

1. Summary
----------

SUCCESS in the upgrade of system_FP_Mean_Cov_0_0 (user.org:user:FP_Mean_Cov:1.0) from (Rev. 2) to (Rev. 3)

