12:16:26 INFO  : Registering command handlers for SDK TCF services
12:16:31 INFO  : Launching XSCT server: xsct -n -interactive /home/zizi/Downloads/zybo_base_system/source/vivado/hw/zybo_bsd/zybo_bsd.sdk/temp_xsdb_launch_script.tcl
12:16:33 INFO  : XSCT server has started successfully.
12:16:33 INFO  : Successfully done setting XSCT server connection channel  
12:16:33 INFO  : Successfully done setting SDK workspace  
12:16:33 INFO  : Processing command line option -hwspec /home/zizi/Downloads/zybo_base_system/source/vivado/hw/zybo_bsd/zybo_bsd.sdk/system_wrapper.hdf.
12:18:28 INFO  : Invoking Bootgen: bootgen -image output.bif -arch zynq -o /home/zizi/Downloads/zybo_base_system/source/vivado/hw/zybo_bsd/zybo_bsd.sdk/BOOT.bin
12:18:28 INFO  : Creating new bif file /home/zizi/Downloads/zybo_base_system/source/vivado/hw/zybo_bsd/zybo_bsd.sdk/output.bif
12:18:29 INFO  : Bootgen command execution is done.
13:37:27 INFO  : SDK has detected change in the last modified timestamps for source hardware specification file Source:1529858220000,  Project:1529853308000
13:37:27 INFO  : Project system_wrapper_hw_platform_0's source hardware specification located at /home/zizi/Downloads/zybo_base_system/source/vivado/hw/zybo_bsd/zybo_bsd.sdk/system_wrapper.hdf is now different from the local copy.
		 The local copy will be replaced with the source specification and your workspace will be updated.
13:37:40 INFO  : Project system_wrapper_hw_platform_0's source hardware specification location will not be monitored anymore.
13:38:14 INFO  : Launching XSCT server: xsct -n -interactive /home/zizi/Downloads/zybo_base_system/source/vivado/hw/zybo_bsd/zybo_bsd.sdk/temp_xsdb_launch_script.tcl
13:38:15 INFO  : XSCT server has started successfully.
13:38:15 INFO  : Successfully done setting XSCT server connection channel  
13:38:16 INFO  : Successfully done setting SDK workspace  
13:38:21 INFO  : Registering command handlers for SDK TCF services
13:38:21 INFO  : Processing command line option -hwspec /home/zizi/Downloads/zybo_base_system/source/vivado/hw/zybo_bsd/zybo_bsd.sdk/system_wrapper.hdf.
13:42:36 INFO  : Registering command handlers for SDK TCF services
13:42:37 INFO  : Launching XSCT server: xsct -n -interactive /home/zizi/Downloads/zybo_base_system/source/vivado/hw/zybo_bsd/zybo_bsd.sdk/temp_xsdb_launch_script.tcl
13:42:39 INFO  : XSCT server has started successfully.
13:42:39 INFO  : Successfully done setting XSCT server connection channel  
13:42:39 INFO  : Successfully done setting SDK workspace  
13:42:39 INFO  : Processing command line option -hwspec /home/zizi/Downloads/zybo_base_system/source/vivado/hw/zybo_bsd/zybo_bsd.sdk/system_wrapper.hdf.
13:44:37 INFO  : Invoking Bootgen: bootgen -image output.bif -arch zynq -o /home/zizi/Downloads/zybo_base_system/source/vivado/hw/zybo_bsd/zybo_bsd.sdk/BOOT.bin -w on
13:44:37 INFO  : Overwriting existing bif file /home/zizi/Downloads/zybo_base_system/source/vivado/hw/zybo_bsd/zybo_bsd.sdk/output.bif
13:44:38 INFO  : Bootgen command execution is done.
15:05:51 INFO  : Launching XSCT server: xsct -n -interactive /home/zizi/Downloads/zybo_base_system/source/vivado/hw/zybo_bsd/zybo_bsd.sdk/temp_xsdb_launch_script.tcl
15:05:52 INFO  : XSCT server has started successfully.
15:05:53 INFO  : Successfully done setting XSCT server connection channel  
15:05:53 INFO  : Successfully done setting SDK workspace  
15:05:57 INFO  : Registering command handlers for SDK TCF services
15:05:57 INFO  : Processing command line option -hwspec /home/zizi/Downloads/zybo_base_system/source/vivado/hw/zybo_bsd/zybo_bsd.sdk/system_wrapper.hdf.
15:05:58 INFO  : Checking for hwspec changes in the project system_wrapper_hw_platform_0.
15:05:58 INFO  : SDK has detected change in the last modified timestamps for source hardware specification file Source:1529860456000,  Project:1529858220000
15:05:58 INFO  : The hardware specification for project 'system_wrapper_hw_platform_0' is different from /home/zizi/Downloads/zybo_base_system/source/vivado/hw/zybo_bsd/zybo_bsd.sdk/system_wrapper.hdf.
15:05:59 INFO  : Copied contents of /home/zizi/Downloads/zybo_base_system/source/vivado/hw/zybo_bsd/zybo_bsd.sdk/system_wrapper.hdf into /system_wrapper_hw_platform_0/system.hdf.
15:06:04 INFO  : Synchronizing projects in the workspace with the hardware platform specification changes.
15:06:05 INFO  : 
15:06:06 INFO  : Updating hardware inferred compiler options for fsbl.
15:06:06 INFO  : Clearing existing target manager status.
15:06:06 WARN  : Given IPC port value is invalid. Using default port 2350
15:06:06 WARN  : Given XMD timeout value is invalid. Using default value of 50000
15:06:10 WARN  : Given XMD transaction timeout value is invalid. Using default value of 60000 milli seconds
15:06:10 INFO  : Closing and re-opening the MSS file of ther project fsbl_bsp
15:06:11 INFO  : Workspace synchronized with the new hardware specification file. Cleaning dependent projects...
15:06:12 WARN  : Linker script will not be updated automatically. Users need to update it manually.
15:08:39 INFO  : Invoking Bootgen: bootgen -image output.bif -arch zynq -o /home/zizi/Downloads/zybo_base_system/source/vivado/hw/zybo_bsd/zybo_bsd.sdk/BOOT.bin -w on
15:08:39 INFO  : Overwriting existing bif file /home/zizi/Downloads/zybo_base_system/source/vivado/hw/zybo_bsd/zybo_bsd.sdk/output.bif
15:08:40 INFO  : Bootgen command execution is done.
15:12:37 ERROR : Unexpected error while parsing XMD response ￿: com.google.gson.JsonSyntaxException: com.google.gson.stream.MalformedJsonException: invalid number or unquoted string near 
16:35:31 INFO  : Launching XSCT server: xsct -n -interactive /home/zizi/Downloads/zybo_base_system/source/vivado/hw/zybo_bsd/zybo_bsd.sdk/temp_xsdb_launch_script.tcl
16:38:45 INFO  : Launching XSCT server: xsct -n -interactive /home/zizi/Downloads/zybo_base_system/source/vivado/hw/zybo_bsd/zybo_bsd.sdk/temp_xsdb_launch_script.tcl
16:38:47 INFO  : XSCT server has started successfully.
16:38:47 INFO  : Successfully done setting XSCT server connection channel  
16:38:48 INFO  : Successfully done setting SDK workspace  
16:38:53 INFO  : Registering command handlers for SDK TCF services
16:38:53 INFO  : Processing command line option -hwspec /home/zizi/Downloads/zybo_base_system/source/vivado/hw/zybo_bsd/zybo_bsd.sdk/system_wrapper.hdf.
16:38:54 INFO  : Checking for hwspec changes in the project system_wrapper_hw_platform_0.
16:38:54 INFO  : SDK has detected change in the last modified timestamps for source hardware specification file Source:1529868514000,  Project:1529860456000
16:38:54 INFO  : The hardware specification for project 'system_wrapper_hw_platform_0' is different from /home/zizi/Downloads/zybo_base_system/source/vivado/hw/zybo_bsd/zybo_bsd.sdk/system_wrapper.hdf.
16:38:54 INFO  : Copied contents of /home/zizi/Downloads/zybo_base_system/source/vivado/hw/zybo_bsd/zybo_bsd.sdk/system_wrapper.hdf into /system_wrapper_hw_platform_0/system.hdf.
16:38:59 INFO  : Synchronizing projects in the workspace with the hardware platform specification changes.
16:39:00 INFO  : 
16:39:01 INFO  : Updating hardware inferred compiler options for fsbl.
16:39:01 INFO  : Clearing existing target manager status.
16:39:01 WARN  : Given IPC port value is invalid. Using default port 2350
16:39:01 WARN  : Given XMD timeout value is invalid. Using default value of 50000
16:39:04 WARN  : Given XMD transaction timeout value is invalid. Using default value of 60000 milli seconds
16:39:04 INFO  : Closing and re-opening the MSS file of ther project fsbl_bsp
16:39:05 INFO  : Workspace synchronized with the new hardware specification file. Cleaning dependent projects...
16:39:07 WARN  : Linker script will not be updated automatically. Users need to update it manually.
16:40:37 INFO  : Invoking Bootgen: bootgen -image output.bif -arch zynq -o /home/zizi/Downloads/zybo_base_system/source/vivado/hw/zybo_bsd/zybo_bsd.sdk/BOOT.bin -w on
16:40:37 INFO  : Overwriting existing bif file /home/zizi/Downloads/zybo_base_system/source/vivado/hw/zybo_bsd/zybo_bsd.sdk/output.bif
16:40:38 INFO  : Bootgen command execution is done.
16:42:25 ERROR : Unexpected error while parsing XMD response ￿: com.google.gson.JsonSyntaxException: com.google.gson.stream.MalformedJsonException: invalid number or unquoted string near 
22:26:08 INFO  : Launching XSCT server: xsct -n -interactive /home/zizi/Downloads/zybo_base_system/source/vivado/hw/zybo_bsd/zybo_bsd.sdk/temp_xsdb_launch_script.tcl
22:26:10 INFO  : XSCT server has started successfully.
22:26:10 INFO  : Successfully done setting XSCT server connection channel  
22:26:10 INFO  : Successfully done setting SDK workspace  
22:26:16 INFO  : Registering command handlers for SDK TCF services
22:26:16 INFO  : Processing command line option -hwspec /home/zizi/Downloads/zybo_base_system/source/vivado/hw/zybo_bsd/zybo_bsd.sdk/system_wrapper.hdf.
22:26:17 INFO  : Checking for hwspec changes in the project system_wrapper_hw_platform_0.
13:24:22 ERROR : (XSDB Server)Terminado

